execve("./fork-and-exec", ["./fork-and-exec"], 0x7ffd2f8a34f8 /* 26 vars */) = 0 <0.000442>
brk(NULL)                               = 0x55af3bdc6000 <0.000009>
access("/etc/ld.so.nohwcap", F_OK)      = -1 ENOENT (No such file or directory) <0.000031>
access("/etc/ld.so.preload", R_OK)      = -1 ENOENT (No such file or directory) <0.000121>
openat(AT_FDCWD, "/etc/ld.so.cache", O_RDONLY|O_CLOEXEC) = 3 <0.000015>
fstat(3, {st_mode=S_IFREG|0644, st_size=37514, ...}) = 0 <0.000010>
mmap(NULL, 37514, PROT_READ, MAP_PRIVATE, 3, 0) = 0x7fcddcbf2000 <0.000012>
close(3)                                = 0 <0.000008>
access("/etc/ld.so.nohwcap", F_OK)      = -1 ENOENT (No such file or directory) <0.000011>
openat(AT_FDCWD, "/lib/x86_64-linux-gnu/libc.so.6", O_RDONLY|O_CLOEXEC) = 3 <0.000015>
read(3, "\177ELF\2\1\1\3\0\0\0\0\0\0\0\0\3\0>\0\1\0\0\0\240\35\2\0\0\0\0\0"..., 832) = 832 <0.000010>
fstat(3, {st_mode=S_IFREG|0755, st_size=2030928, ...}) = 0 <0.000009>
mmap(NULL, 8192, PROT_READ|PROT_WRITE, MAP_PRIVATE|MAP_ANONYMOUS, -1, 0) = 0x7fcddcbf0000 <0.000011>
mmap(NULL, 4131552, PROT_READ|PROT_EXEC, MAP_PRIVATE|MAP_DENYWRITE, 3, 0) = 0x7fcddc5e2000 <0.000012>
mprotect(0x7fcddc7c9000, 2097152, PROT_NONE) = 0 <0.000018>
mmap(0x7fcddc9c9000, 24576, PROT_READ|PROT_WRITE, MAP_PRIVATE|MAP_FIXED|MAP_DENYWRITE, 3, 0x1e7000) = 0x7fcddc9c9000 <0.000018>
mmap(0x7fcddc9cf000, 15072, PROT_READ|PROT_WRITE, MAP_PRIVATE|MAP_FIXED|MAP_ANONYMOUS, -1, 0) = 0x7fcddc9cf000 <0.000014>
close(3)                                = 0 <0.000009>
arch_prctl(ARCH_SET_FS, 0x7fcddcbf14c0) = 0 <0.000009>
mprotect(0x7fcddc9c9000, 16384, PROT_READ) = 0 <0.000014>
mprotect(0x55af3af61000, 4096, PROT_READ) = 0 <0.000012>
mprotect(0x7fcddcbfc000, 4096, PROT_READ) = 0 <0.000013>
munmap(0x7fcddcbf2000, 37514)           = 0 <0.000020>
clone(child_stack=NULL, flags=CLONE_CHILD_CLEARTID|CLONE_CHILD_SETTID|SIGCHLD, child_tidptr=0x7fcddcbf1790) = 1671 <0.000057>
getpid()                                = 1670 <0.000008>
fstat(1, {st_mode=S_IFCHR|0620, st_rdev=makedev(136, 0), ...}) = 0 <0.000009>
brk(NULL)                               = 0x55af3bdc6000 <0.000008>
brk(0x55af3bde7000)                     = 0x55af3bde7000 <0.000011>
write(1, "I'm parent! my pid is 1670 and t"..., 60) = 60 <0.000222>
exit_group(0)                           = ?
+++ exited with 0 +++
