execve("/bin/echo", ["echo", "helloworld"], 0x7ffc29bb90b0 /* 26 vars */) = 0 <0.002010>
brk(NULL)                               = 0x55af738da000 <0.000008>
access("/etc/ld.so.nohwcap", F_OK)      = -1 ENOENT (No such file or directory) <0.000032>
access("/etc/ld.so.preload", R_OK)      = -1 ENOENT (No such file or directory) <0.000013>
openat(AT_FDCWD, "/etc/ld.so.cache", O_RDONLY|O_CLOEXEC) = 3 <0.000019>
fstat(3, {st_mode=S_IFREG|0644, st_size=37514, ...}) = 0 <0.000010>
mmap(NULL, 37514, PROT_READ, MAP_PRIVATE, 3, 0) = 0x7fd09449b000 <0.000040>
close(3)                                = 0 <0.000009>
access("/etc/ld.so.nohwcap", F_OK)      = -1 ENOENT (No such file or directory) <0.000013>
openat(AT_FDCWD, "/lib/x86_64-linux-gnu/libc.so.6", O_RDONLY|O_CLOEXEC) = 3 <0.000018>
read(3, "\177ELF\2\1\1\3\0\0\0\0\0\0\0\0\3\0>\0\1\0\0\0\240\35\2\0\0\0\0\0"..., 832) = 832 <0.000011>
fstat(3, {st_mode=S_IFREG|0755, st_size=2030928, ...}) = 0 <0.000009>
mmap(NULL, 8192, PROT_READ|PROT_WRITE, MAP_PRIVATE|MAP_ANONYMOUS, -1, 0) = 0x7fd094499000 <0.000011>
mmap(NULL, 4131552, PROT_READ|PROT_EXEC, MAP_PRIVATE|MAP_DENYWRITE, 3, 0) = 0x7fd093e8b000 <0.000013>
mprotect(0x7fd094072000, 2097152, PROT_NONE) = 0 <0.000016>
mmap(0x7fd094272000, 24576, PROT_READ|PROT_WRITE, MAP_PRIVATE|MAP_FIXED|MAP_DENYWRITE, 3, 0x1e7000) = 0x7fd094272000 <0.000018>
mmap(0x7fd094278000, 15072, PROT_READ|PROT_WRITE, MAP_PRIVATE|MAP_FIXED|MAP_ANONYMOUS, -1, 0) = 0x7fd094278000 <0.000013>
close(3)                                = 0 <0.000008>
arch_prctl(ARCH_SET_FS, 0x7fd09449a540) = 0 <0.000008>
mprotect(0x7fd094272000, 16384, PROT_READ) = 0 <0.000014>
mprotect(0x55af72a86000, 4096, PROT_READ) = 0 <0.000012>
mprotect(0x7fd0944a5000, 4096, PROT_READ) = 0 <0.000013>
munmap(0x7fd09449b000, 37514)           = 0 <0.000019>
brk(NULL)                               = 0x55af738da000 <0.000009>
brk(0x55af738fb000)                     = 0x55af738fb000 <0.000010>
openat(AT_FDCWD, "/usr/lib/locale/locale-archive", O_RDONLY|O_CLOEXEC) = 3 <0.000015>
fstat(3, {st_mode=S_IFREG|0644, st_size=3004464, ...}) = 0 <0.000009>
mmap(NULL, 3004464, PROT_READ, MAP_PRIVATE, 3, 0) = 0x7fd093bad000 <0.000012>
close(3)                                = 0 <0.000008>
openat(AT_FDCWD, "/usr/share/locale/locale.alias", O_RDONLY|O_CLOEXEC) = 3 <0.000015>
fstat(3, {st_mode=S_IFREG|0644, st_size=2995, ...}) = 0 <0.000010>
read(3, "# Locale name alias data base.\n#"..., 4096) = 2995 <0.000011>
read(3, "", 4096)                       = 0 <0.000010>
close(3)                                = 0 <0.000010>
openat(AT_FDCWD, "/usr/lib/locale/C.UTF-8/LC_IDENTIFICATION", O_RDONLY|O_CLOEXEC) = 3 <0.000014>
fstat(3, {st_mode=S_IFREG|0644, st_size=252, ...}) = 0 <0.000009>
mmap(NULL, 252, PROT_READ, MAP_PRIVATE, 3, 0) = 0x7fd0944a4000 <0.000012>
close(3)                                = 0 <0.000009>
openat(AT_FDCWD, "/usr/lib/x86_64-linux-gnu/gconv/gconv-modules.cache", O_RDONLY) = 3 <0.000015>
fstat(3, {st_mode=S_IFREG|0644, st_size=26376, ...}) = 0 <0.000009>
mmap(NULL, 26376, PROT_READ, MAP_SHARED, 3, 0) = 0x7fd09449d000 <0.000011>
close(3)                                = 0 <0.000008>
openat(AT_FDCWD, "/usr/lib/locale/C.UTF-8/LC_MEASUREMENT", O_RDONLY|O_CLOEXEC) = 3 <0.000014>
fstat(3, {st_mode=S_IFREG|0644, st_size=23, ...}) = 0 <0.000009>
mmap(NULL, 23, PROT_READ, MAP_PRIVATE, 3, 0) = 0x7fd09449c000 <0.000011>
close(3)                                = 0 <0.000008>
openat(AT_FDCWD, "/usr/lib/locale/C.UTF-8/LC_TELEPHONE", O_RDONLY|O_CLOEXEC) = 3 <0.000013>
fstat(3, {st_mode=S_IFREG|0644, st_size=47, ...}) = 0 <0.000009>
mmap(NULL, 47, PROT_READ, MAP_PRIVATE, 3, 0) = 0x7fd09449b000 <0.000010>
close(3)                                = 0 <0.000009>
openat(AT_FDCWD, "/usr/lib/locale/C.UTF-8/LC_ADDRESS", O_RDONLY|O_CLOEXEC) = 3 <0.000013>
fstat(3, {st_mode=S_IFREG|0644, st_size=131, ...}) = 0 <0.000009>
mmap(NULL, 131, PROT_READ, MAP_PRIVATE, 3, 0) = 0x7fd094498000 <0.000016>
close(3)                                = 0 <0.000009>
openat(AT_FDCWD, "/usr/lib/locale/C.UTF-8/LC_NAME", O_RDONLY|O_CLOEXEC) = 3 <0.000014>
fstat(3, {st_mode=S_IFREG|0644, st_size=62, ...}) = 0 <0.000010>
mmap(NULL, 62, PROT_READ, MAP_PRIVATE, 3, 0) = 0x7fd094497000 <0.000012>
close(3)                                = 0 <0.000008>
openat(AT_FDCWD, "/usr/lib/locale/C.UTF-8/LC_PAPER", O_RDONLY|O_CLOEXEC) = 3 <0.000015>
fstat(3, {st_mode=S_IFREG|0644, st_size=34, ...}) = 0 <0.000009>
mmap(NULL, 34, PROT_READ, MAP_PRIVATE, 3, 0) = 0x7fd094496000 <0.000011>
close(3)                                = 0 <0.000008>
openat(AT_FDCWD, "/usr/lib/locale/C.UTF-8/LC_MESSAGES", O_RDONLY|O_CLOEXEC) = 3 <0.000014>
fstat(3, {st_mode=S_IFDIR|0755, st_size=4096, ...}) = 0 <0.000009>
close(3)                                = 0 <0.000009>
openat(AT_FDCWD, "/usr/lib/locale/C.UTF-8/LC_MESSAGES/SYS_LC_MESSAGES", O_RDONLY|O_CLOEXEC) = 3 <0.000013>
fstat(3, {st_mode=S_IFREG|0644, st_size=48, ...}) = 0 <0.000008>
mmap(NULL, 48, PROT_READ, MAP_PRIVATE, 3, 0) = 0x7fd094495000 <0.000011>
close(3)                                = 0 <0.000008>
openat(AT_FDCWD, "/usr/lib/locale/C.UTF-8/LC_MONETARY", O_RDONLY|O_CLOEXEC) = 3 <0.000013>
fstat(3, {st_mode=S_IFREG|0644, st_size=270, ...}) = 0 <0.000009>
mmap(NULL, 270, PROT_READ, MAP_PRIVATE, 3, 0) = 0x7fd094494000 <0.000011>
close(3)                                = 0 <0.000007>
openat(AT_FDCWD, "/usr/lib/locale/C.UTF-8/LC_COLLATE", O_RDONLY|O_CLOEXEC) = 3 <0.000013>
fstat(3, {st_mode=S_IFREG|0644, st_size=1516558, ...}) = 0 <0.000008>
mmap(NULL, 1516558, PROT_READ, MAP_PRIVATE, 3, 0) = 0x7fd094321000 <0.000012>
close(3)                                = 0 <0.000007>
openat(AT_FDCWD, "/usr/lib/locale/C.UTF-8/LC_TIME", O_RDONLY|O_CLOEXEC) = 3 <0.000013>
fstat(3, {st_mode=S_IFREG|0644, st_size=3360, ...}) = 0 <0.000009>
mmap(NULL, 3360, PROT_READ, MAP_PRIVATE, 3, 0) = 0x7fd094320000 <0.000010>
close(3)                                = 0 <0.000007>
openat(AT_FDCWD, "/usr/lib/locale/C.UTF-8/LC_NUMERIC", O_RDONLY|O_CLOEXEC) = 3 <0.000012>
fstat(3, {st_mode=S_IFREG|0644, st_size=50, ...}) = 0 <0.000008>
mmap(NULL, 50, PROT_READ, MAP_PRIVATE, 3, 0) = 0x7fd09431f000 <0.000010>
close(3)                                = 0 <0.000008>
openat(AT_FDCWD, "/usr/lib/locale/C.UTF-8/LC_CTYPE", O_RDONLY|O_CLOEXEC) = 3 <0.000013>
fstat(3, {st_mode=S_IFREG|0644, st_size=199772, ...}) = 0 <0.000008>
mmap(NULL, 199772, PROT_READ, MAP_PRIVATE, 3, 0) = 0x7fd0942ee000 <0.000011>
close(3)                                = 0 <0.000008>
fstat(1, {st_mode=S_IFREG|0644, st_size=0, ...}) = 0 <0.000009>
write(1, "helloworld\n", 11)            = 11 <0.000109>
close(1)                                = 0 <0.000152>
close(2)                                = 0 <0.000009>
exit_group(0)                           = ?
+++ exited with 0 +++
