execve("./loop", ["./loop"], 0x7ffc3ca25bb8 /* 26 vars */) = 0 <0.000779>
brk(NULL)                               = 0x5636f29fa000 <0.000030>
access("/etc/ld.so.nohwcap", F_OK)      = -1 ENOENT (No such file or directory) <0.000012>
access("/etc/ld.so.preload", R_OK)      = -1 ENOENT (No such file or directory) <0.000009>
openat(AT_FDCWD, "/etc/ld.so.cache", O_RDONLY|O_CLOEXEC) = 3 <0.000012>
fstat(3, {st_mode=S_IFREG|0644, st_size=37514, ...}) = 0 <0.000007>
mmap(NULL, 37514, PROT_READ, MAP_PRIVATE, 3, 0) = 0x7f012fa1c000 <0.000009>
close(3)                                = 0 <0.000006>
access("/etc/ld.so.nohwcap", F_OK)      = -1 ENOENT (No such file or directory) <0.000009>
openat(AT_FDCWD, "/lib/x86_64-linux-gnu/libc.so.6", O_RDONLY|O_CLOEXEC) = 3 <0.000011>
read(3, "\177ELF\2\1\1\3\0\0\0\0\0\0\0\0\3\0>\0\1\0\0\0\240\35\2\0\0\0\0\0"..., 832) = 832 <0.000008>
fstat(3, {st_mode=S_IFREG|0755, st_size=2030928, ...}) = 0 <0.000007>
mmap(NULL, 8192, PROT_READ|PROT_WRITE, MAP_PRIVATE|MAP_ANONYMOUS, -1, 0) = 0x7f012fa1a000 <0.000009>
mmap(NULL, 4131552, PROT_READ|PROT_EXEC, MAP_PRIVATE|MAP_DENYWRITE, 3, 0) = 0x7f012f40c000 <0.000010>
mprotect(0x7f012f5f3000, 2097152, PROT_NONE) = 0 <0.000013>
mmap(0x7f012f7f3000, 24576, PROT_READ|PROT_WRITE, MAP_PRIVATE|MAP_FIXED|MAP_DENYWRITE, 3, 0x1e7000) = 0x7f012f7f3000 <0.000013>
mmap(0x7f012f7f9000, 15072, PROT_READ|PROT_WRITE, MAP_PRIVATE|MAP_FIXED|MAP_ANONYMOUS, -1, 0) = 0x7f012f7f9000 <0.000010>
close(3)                                = 0 <0.000006>
arch_prctl(ARCH_SET_FS, 0x7f012fa1b4c0) = 0 <0.000006>
mprotect(0x7f012f7f3000, 16384, PROT_READ) = 0 <0.000011>
mprotect(0x5636f2045000, 4096, PROT_READ) = 0 <0.000010>
mprotect(0x7f012fa26000, 4096, PROT_READ) = 0 <0.000010>
munmap(0x7f012fa1c000, 37514)           = 0 <0.000016>
--- SIGINT {si_signo=SIGINT, si_code=SI_KERNEL} ---
+++ killed by SIGINT +++
